<?xml version="1.0" encoding="UTF-8"?>
<testng-results ignored="0" total="1" passed="0" failed="1" skipped="0">
  <reporter-output>
  </reporter-output>
  <suite started-at="2022-06-01T21:51:05 CDT" name="Default suite" finished-at="2022-06-01T21:52:24 CDT" duration-ms="79878">
    <groups>
    </groups>
    <test started-at="2022-06-01T21:51:05 CDT" name="Default test" finished-at="2022-06-01T21:52:24 CDT" duration-ms="79878">
      <class name="com.digiboxx.testcases.CreateFolderTest">
        <test-method is-config="true" signature="SetUP()[pri:0, instance:com.digiboxx.testcases.CreateFolderTest@2ed2d9cb]" started-at="2022-06-01T21:51:05 CDT" name="SetUP" finished-at="2022-06-01T21:52:20 CDT" duration-ms="75534" status="PASS">
          <reporter-output>
          </reporter-output>
        </test-method> <!-- SetUP -->
        <test-method signature="VerifyCreateFolder()[pri:0, instance:com.digiboxx.testcases.CreateFolderTest@2ed2d9cb]" started-at="2022-06-01T21:52:20 CDT" name="VerifyCreateFolder" finished-at="2022-06-01T21:52:24 CDT" duration-ms="4084" status="FAIL">
          <exception class="org.openqa.selenium.InvalidSelectorException">
            <message>
              <![CDATA[invalid selector: Unable to locate an element with the xpath expression //span[contains(text(),’+Add’)] because of the following error:
SyntaxError: Failed to execute 'evaluate' on 'Document': The string '//span[contains(text(),’+Add’)]' is not a valid XPath expression.
  (Session info: chrome=102.0.5005.61)
For documentation on this error, please visit: https://selenium.dev/exceptions/#invalid_selector_exception
Build info: version: '4.1.4', revision: '535d840ee2'
System info: host: 'Gagans-MBP', ip: 'fe80:0:0:0:104b:f271:623c:1182%en0', os.name: 'Mac OS X', os.arch: 'x86_64', os.version: '11.5.1', java.version: '17.0.2'
Driver info: org.openqa.selenium.chrome.ChromeDriver
Command: [d560adc4e9a4646985b4998683ea5cb4, findElement {using=xpath, value=//span[contains(text(),’+Add’)]}]
Capabilities {acceptInsecureCerts: false, browserName: chrome, browserVersion: 102.0.5005.61, chrome: {chromedriverVersion: 101.0.4951.41 (93c720db8323..., userDataDir: /var/folders/zf/q9xhmn9j0kg...}, goog:chromeOptions: {debuggerAddress: localhost:62351}, javascriptEnabled: true, networkConnectionEnabled: false, pageLoadStrategy: normal, platform: MAC, platformName: MAC, proxy: Proxy(), se:cdp: ws://localhost:62351/devtoo..., se:cdpVersion: 102.0.5005.61, setWindowRect: true, strictFileInteractability: false, timeouts: {implicit: 0, pageLoad: 300000, script: 30000}, unhandledPromptBehavior: dismiss and notify, webauthn:extension:credBlob: true, webauthn:extension:largeBlob: true, webauthn:virtualAuthenticators: true}
Session ID: d560adc4e9a4646985b4998683ea5cb4]]>
            </message>
            <full-stacktrace>
              <![CDATA[org.openqa.selenium.InvalidSelectorException: invalid selector: Unable to locate an element with the xpath expression //span[contains(text(),’+Add’)] because of the following error:
SyntaxError: Failed to execute 'evaluate' on 'Document': The string '//span[contains(text(),’+Add’)]' is not a valid XPath expression.
  (Session info: chrome=102.0.5005.61)
For documentation on this error, please visit: https://selenium.dev/exceptions/#invalid_selector_exception
Build info: version: '4.1.4', revision: '535d840ee2'
System info: host: 'Gagans-MBP', ip: 'fe80:0:0:0:104b:f271:623c:1182%en0', os.name: 'Mac OS X', os.arch: 'x86_64', os.version: '11.5.1', java.version: '17.0.2'
Driver info: org.openqa.selenium.chrome.ChromeDriver
Command: [d560adc4e9a4646985b4998683ea5cb4, findElement {using=xpath, value=//span[contains(text(),’+Add’)]}]
Capabilities {acceptInsecureCerts: false, browserName: chrome, browserVersion: 102.0.5005.61, chrome: {chromedriverVersion: 101.0.4951.41 (93c720db8323..., userDataDir: /var/folders/zf/q9xhmn9j0kg...}, goog:chromeOptions: {debuggerAddress: localhost:62351}, javascriptEnabled: true, networkConnectionEnabled: false, pageLoadStrategy: normal, platform: MAC, platformName: MAC, proxy: Proxy(), se:cdp: ws://localhost:62351/devtoo..., se:cdpVersion: 102.0.5005.61, setWindowRect: true, strictFileInteractability: false, timeouts: {implicit: 0, pageLoad: 300000, script: 30000}, unhandledPromptBehavior: dismiss and notify, webauthn:extension:credBlob: true, webauthn:extension:largeBlob: true, webauthn:virtualAuthenticators: true}
Session ID: d560adc4e9a4646985b4998683ea5cb4
at java.base/jdk.internal.reflect.NativeConstructorAccessorImpl.newInstance0(Native Method)
at java.base/jdk.internal.reflect.NativeConstructorAccessorImpl.newInstance(NativeConstructorAccessorImpl.java:77)
at java.base/jdk.internal.reflect.DelegatingConstructorAccessorImpl.newInstance(DelegatingConstructorAccessorImpl.java:45)
at java.base/java.lang.reflect.Constructor.newInstanceWithCaller(Constructor.java:499)
at java.base/java.lang.reflect.Constructor.newInstance(Constructor.java:480)
at org.openqa.selenium.remote.codec.w3c.W3CHttpResponseCodec.createException(W3CHttpResponseCodec.java:200)
at org.openqa.selenium.remote.codec.w3c.W3CHttpResponseCodec.decode(W3CHttpResponseCodec.java:133)
at org.openqa.selenium.remote.codec.w3c.W3CHttpResponseCodec.decode(W3CHttpResponseCodec.java:53)
at org.openqa.selenium.remote.HttpCommandExecutor.execute(HttpCommandExecutor.java:184)
at org.openqa.selenium.remote.service.DriverCommandExecutor.invokeExecute(DriverCommandExecutor.java:167)
at org.openqa.selenium.remote.service.DriverCommandExecutor.execute(DriverCommandExecutor.java:142)
at org.openqa.selenium.remote.RemoteWebDriver.execute(RemoteWebDriver.java:567)
at org.openqa.selenium.remote.ElementLocation$ElementFinder$2.findElement(ElementLocation.java:162)
at org.openqa.selenium.remote.ElementLocation.findElement(ElementLocation.java:60)
at org.openqa.selenium.remote.RemoteWebDriver.findElement(RemoteWebDriver.java:385)
at org.openqa.selenium.remote.RemoteWebDriver.findElement(RemoteWebDriver.java:377)
at org.openqa.selenium.support.pagefactory.DefaultElementLocator.findElement(DefaultElementLocator.java:70)
at org.openqa.selenium.support.pagefactory.internal.LocatingElementHandler.invoke(LocatingElementHandler.java:39)
at jdk.proxy2/jdk.proxy2.$Proxy16.click(Unknown Source)
at com.digiboxx.page.CreateFolderPage.createfoldertest(CreateFolderPage.java:29)
at com.digiboxx.testcases.CreateFolderTest.VerifyCreateFolder(CreateFolderTest.java:38)
at java.base/jdk.internal.reflect.NativeMethodAccessorImpl.invoke0(Native Method)
at java.base/jdk.internal.reflect.NativeMethodAccessorImpl.invoke(NativeMethodAccessorImpl.java:77)
at java.base/jdk.internal.reflect.DelegatingMethodAccessorImpl.invoke(DelegatingMethodAccessorImpl.java:43)
at java.base/java.lang.reflect.Method.invoke(Method.java:568)
at org.testng.internal.invokers.MethodInvocationHelper.invokeMethod(MethodInvocationHelper.java:135)
at org.testng.internal.invokers.TestInvoker.invokeMethod(TestInvoker.java:673)
at org.testng.internal.invokers.TestInvoker.invokeTestMethod(TestInvoker.java:220)
at org.testng.internal.invokers.MethodRunner.runInSequence(MethodRunner.java:50)
at org.testng.internal.invokers.TestInvoker$MethodInvocationAgent.invoke(TestInvoker.java:945)
at org.testng.internal.invokers.TestInvoker.invokeTestMethods(TestInvoker.java:193)
at org.testng.internal.invokers.TestMethodWorker.invokeTestMethods(TestMethodWorker.java:146)
at org.testng.internal.invokers.TestMethodWorker.run(TestMethodWorker.java:128)
at java.base/java.util.ArrayList.forEach(ArrayList.java:1511)
at org.testng.TestRunner.privateRun(TestRunner.java:808)
at org.testng.TestRunner.run(TestRunner.java:603)
at org.testng.SuiteRunner.runTest(SuiteRunner.java:429)
at org.testng.SuiteRunner.runSequentially(SuiteRunner.java:423)
at org.testng.SuiteRunner.privateRun(SuiteRunner.java:383)
at org.testng.SuiteRunner.run(SuiteRunner.java:326)
at org.testng.SuiteRunnerWorker.runSuite(SuiteRunnerWorker.java:52)
at org.testng.SuiteRunnerWorker.run(SuiteRunnerWorker.java:95)
at org.testng.TestNG.runSuitesSequentially(TestNG.java:1249)
at org.testng.TestNG.runSuitesLocally(TestNG.java:1169)
at org.testng.TestNG.runSuites(TestNG.java:1092)
at org.testng.TestNG.run(TestNG.java:1060)
at org.testng.remote.AbstractRemoteTestNG.run(AbstractRemoteTestNG.java:115)
at org.testng.remote.RemoteTestNG.initAndRun(RemoteTestNG.java:251)
at org.testng.remote.RemoteTestNG.main(RemoteTestNG.java:77)
]]>
            </full-stacktrace>
          </exception> <!-- org.openqa.selenium.InvalidSelectorException -->
          <reporter-output>
          </reporter-output>
        </test-method> <!-- VerifyCreateFolder -->
        <test-method is-config="true" signature="tearDown()[pri:0, instance:com.digiboxx.testcases.CreateFolderTest@2ed2d9cb]" started-at="2022-06-01T21:52:24 CDT" name="tearDown" finished-at="2022-06-01T21:52:24 CDT" duration-ms="171" status="PASS">
          <reporter-output>
          </reporter-output>
        </test-method> <!-- tearDown -->
      </class> <!-- com.digiboxx.testcases.CreateFolderTest -->
    </test> <!-- Default test -->
  </suite> <!-- Default suite -->
</testng-results>
